<?xml version="1.0" encoding="UTF-8"?>
<!-- Generated by org.testng.reporters.JUnitReportReporter -->
<testsuite hostname="LAPTOP-F0T44AR1" failures="0" tests="8" name="Tests.VerifyTests" time="124.451" errors="0" timestamp="2022-12-02T11:26:40 EET" skipped="0">
  <testcase classname="Tests.VerifyTests" name="signUp" time="14.002"/>
  <system-out/>
  <testcase classname="Tests.VerifyTests" name="login" time="16.599"/>
  <system-out/>
  <testcase classname="Tests.VerifyTests" name="loginWrongName" time="14.459"/>
  <system-out/>
  <testcase classname="Tests.VerifyTests" name="registrationOnlyName" time="16.813"/>
  <system-out/>
  <testcase classname="Tests.VerifyTests" name="registrationOnlyPsw" time="14.631"/>
  <system-out/>
  <testcase classname="Tests.VerifyTests" name="registrationNoPersonalData" time="18.690"/>
  <system-out/>
  <testcase classname="Tests.VerifyTests" name="registrationWithUsedUsername" time="14.613"/>
  <system-out/>
  <testcase classname="Tests.VerifyTests" name="registrationPasswordsDontMatch" time="14.644"/>
  <system-out/>
</testsuite> <!-- Tests.VerifyTests -->
